[2017-09-27 14:48:44] main.CRITICAL: Zend_Mail_Transport_Exception: Unable to send mail. mail(): Failed to connect to mailserver at &quot;localhost&quot; port 25, verify your &quot;SMTP&quot; and &quot;smtp_port&quot; setting in php.ini or use ini_set() in D:\xampp\htdocs\incomm\vendor\magento\zendframework1\library\Zend\Mail\Transport\Sendmail.php:111
Stack trace:
#0 D:\xampp\htdocs\incomm\vendor\magento\zendframework1\library\Zend\Mail\Transport\Abstract.php(348): Zend_Mail_Transport_Sendmail->_sendMail()
#1 D:\xampp\htdocs\incomm\vendor\magento\framework\Mail\Transport.php(39): Zend_Mail_Transport_Abstract->send(Object(Magento\Framework\Mail\Message))
#2 D:\xampp\htdocs\incomm\vendor\magento\framework\Interception\Interceptor.php(74): Magento\Framework\Mail\Transport->sendMessage()
#3 D:\xampp\htdocs\incomm\vendor\magento\framework\Interception\Chain\Chain.php(70): Magento\Framework\Mail\Transport\Interceptor->___callParent('sendMessage', Array)
#4 D:\xampp\htdocs\incomm\vendor\magento\framework\Interception\Chain\Chain.php(63): Magento\Framework\Interception\Chain\Chain->invokeNext('Magento\\Framewo...', 'sendMessage', Object(Magento\Framework\Mail\Transport\Interceptor), Array, 'disableSending')
#5 D:\xampp\htdocs\incomm\vendor\magento\module-email\Model\Plugin\TransportInterfacePlugin.php(54): Magento\Framework\Interception\Chain\Chain->Magento\Framework\Interception\Chain\{closure}()
#6 D:\xampp\htdocs\incomm\vendor\magento\framework\Interception\Chain\Chain.php(67): Magento\Email\Model\Plugin\TransportInterfacePlugin->aroundSendMessage(Object(Magento\Framework\Mail\Transport\Interceptor), Object(Closure))
#7 D:\xampp\htdocs\incomm\vendor\magento\framework\Interception\Interceptor.php(138): Magento\Framework\Interception\Chain\Chain->invokeNext('Magento\\Framewo...', 'sendMessage', Object(Magento\Framework\Mail\Transport\Interceptor), Array, 'customer-sample...')
#8 D:\xampp\htdocs\incomm\vendor\magento\module-customer-sample-data\Magento\Framework\Mail\Transport\MailPlugin.php(32): Magento\Framework\Mail\Transport\Interceptor->Magento\Framework\Interception\{closure}()
#9 D:\xampp\htdocs\incomm\vendor\magento\framework\Interception\Interceptor.php(142): Magento\CustomerSampleData\Magento\Framework\Mail\Transport\MailPlugin->aroundSendMessage(Object(Magento\Framework\Mail\Transport\Interceptor), Object(Closure))
#10 D:\xampp\htdocs\incomm\var\generation\Magento\Framework\Mail\Transport\Interceptor.php(26): Magento\Framework\Mail\Transport\Interceptor->___callPlugins('sendMessage', Array, Array)
#11 D:\xampp\htdocs\incomm\vendor\magento\module-customer\Model\EmailNotification.php(239): Magento\Framework\Mail\Transport\Interceptor->sendMessage()
#12 D:\xampp\htdocs\incomm\vendor\magento\module-customer\Model\EmailNotification.php(362): Magento\Customer\Model\EmailNotification->sendEmailTemplate(Object(Magento\Customer\Model\Data\Customer), 'customer/create...', 'customer/create...', Array, 1)
#13 D:\xampp\htdocs\incomm\vendor\magento\module-customer\Model\AccountManagement.php(777): Magento\Customer\Model\EmailNotification->newAccount(Object(Magento\Customer\Model\Data\Customer), 'registered', NULL, 1)
#14 D:\xampp\htdocs\incomm\vendor\magento\module-customer\Model\AccountManagement.php(737): Magento\Customer\Model\AccountManagement->sendEmailConfirmation(Object(Magento\Customer\Model\Data\Customer), NULL)
#15 D:\xampp\htdocs\incomm\vendor\magento\module-customer\Model\AccountManagement.php(662): Magento\Customer\Model\AccountManagement->createAccountWithPasswordHash(Object(Magento\Customer\Model\Data\Customer), '72dd2150c2e4d79...', NULL)
#16 D:\xampp\htdocs\incomm\vendor\magento\module-customer\Controller\Account\CreatePost.php(277): Magento\Customer\Model\AccountManagement->createAccount(Object(Magento\Customer\Model\Data\Customer), 'test123!@321', NULL)
#17 D:\xampp\htdocs\incomm\vendor\magento\framework\App\Action\Action.php(102): Magento\Customer\Controller\Account\CreatePost->execute()
#18 D:\xampp\htdocs\incomm\vendor\magento\framework\Interception\Interceptor.php(74): Magento\Framework\App\Action\Action->dispatch(Object(Magento\Framework\App\Request\Http))
#19 D:\xampp\htdocs\incomm\vendor\magento\framework\Interception\Chain\Chain.php(70): Magento\Customer\Controller\Account\CreatePost\Interceptor->___callParent('dispatch', Array)
#20 D:\xampp\htdocs\incomm\vendor\magento\framework\Interception\Chain\Chain.php(63): Magento\Framework\Interception\Chain\Chain->invokeNext('Magento\\Custome...', 'dispatch', Object(Magento\Customer\Controller\Account\CreatePost\Interceptor), Array, 'contextPlugin')
#21 D:\xampp\htdocs\incomm\vendor\magento\module-store\App\Action\Plugin\Context.php(106): Magento\Framework\Interception\Chain\Chain->Magento\Framework\Interception\Chain\{closure}(Object(Magento\Framework\App\Request\Http))
#22 D:\xampp\htdocs\incomm\vendor\magento\framework\Interception\Chain\Chain.php(67): Magento\Store\App\Action\Plugin\Context->aroundDispatch(Object(Magento\Customer\Controller\Account\CreatePost\Interceptor), Object(Closure), Object(Magento\Framework\App\Request\Http))
#23 D:\xampp\htdocs\incomm\vendor\magento\framework\Interception\Chain\Chain.php(63): Magento\Framework\Interception\Chain\Chain->invokeNext('Magento\\Custome...', 'dispatch', Object(Magento\Customer\Controller\Account\CreatePost\Interceptor), Array, 'customer-app-ac...')
#24 D:\xampp\htdocs\incomm\vendor\magento\module-customer\Model\App\Action\ContextPlugin.php(61): Magento\Framework\Interception\Chain\Chain->Magento\Framework\Interception\Chain\{closure}(Object(Magento\Framework\App\Request\Http))
#25 D:\xampp\htdocs\incomm\vendor\magento\framework\Interception\Chain\Chain.php(67): Magento\Customer\Model\App\Action\ContextPlugin->aroundDispatch(Object(Magento\Customer\Controller\Account\CreatePost\Interceptor), Object(Closure), Object(Magento\Framework\App\Request\Http))
#26 D:\xampp\htdocs\incomm\vendor\magento\framework\Interception\Chain\Chain.php(63): Magento\Framework\Interception\Chain\Chain->invokeNext('Magento\\Custome...', 'dispatch', Object(Magento\Customer\Controller\Account\CreatePost\Interceptor), Array, 'storeCheck')
#27 D:\xampp\htdocs\incomm\vendor\magento\module-store\App\Action\Plugin\StoreCheck.php(44): Magento\Framework\Interception\Chain\Chain->Magento\Framework\Interception\Chain\{closure}(Object(Magento\Framework\App\Request\Http))
#28 D:\xampp\htdocs\incomm\vendor\magento\framework\Interception\Chain\Chain.php(67): Magento\Store\App\Action\Plugin\StoreCheck->aroundDispatch(Object(Magento\Customer\Controller\Account\CreatePost\Interceptor), Object(Closure), Object(Magento\Framework\App\Request\Http))
#29 D:\xampp\htdocs\incomm\vendor\magento\framework\Interception\Chain\Chain.php(63): Magento\Framework\Interception\Chain\Chain->invokeNext('Magento\\Custome...', 'dispatch', Object(Magento\Customer\Controller\Account\CreatePost\Interceptor), Array, 'customer_accoun...')
#30 D:\xampp\htdocs\incomm\vendor\magento\module-customer\Controller\Plugin\Account.php(60): Magento\Framework\Interception\Chain\Chain->Magento\Framework\Interception\Chain\{closure}(Object(Magento\Framework\App\Request\Http))
#31 D:\xampp\htdocs\incomm\vendor\magento\framework\Interception\Chain\Chain.php(67): Magento\Customer\Controller\Plugin\Account->aroundDispatch(Object(Magento\Customer\Controller\Account\CreatePost\Interceptor), Object(Closure), Object(Magento\Framework\App\Request\Http))
#32 D:\xampp\htdocs\incomm\vendor\magento\framework\Interception\Chain\Chain.php(63): Magento\Framework\Interception\Chain\Chain->invokeNext('Magento\\Custome...', 'dispatch', Object(Magento\Customer\Controller\Account\CreatePost\Interceptor), Array, 'weee-app-action...')
#33 D:\xampp\htdocs\incomm\vendor\magento\module-weee\Model\App\Action\ContextPlugin.php(112): Magento\Framework\Interception\Chain\Chain->Magento\Framework\Interception\Chain\{closure}(Object(Magento\Framework\App\Request\Http))
#34 D:\xampp\htdocs\incomm\vendor\magento\framework\Interception\Chain\Chain.php(67): Magento\Weee\Model\App\Action\ContextPlugin->aroundDispatch(Object(Magento\Customer\Controller\Account\CreatePost\Interceptor), Object(Closure), Object(Magento\Framework\App\Request\Http))
#35 D:\xampp\htdocs\incomm\vendor\magento\framework\Interception\Interceptor.php(138): Magento\Framework\Interception\Chain\Chain->invokeNext('Magento\\Custome...', 'dispatch', Object(Magento\Customer\Controller\Account\CreatePost\Interceptor), Array, 'tax-app-action-...')
#36 D:\xampp\htdocs\incomm\vendor\magento\module-tax\Model\App\Action\ContextPlugin.php(91): Magento\Customer\Controller\Account\CreatePost\Interceptor->Magento\Framework\Interception\{closure}(Object(Magento\Framework\App\Request\Http))
#37 D:\xampp\htdocs\incomm\vendor\magento\framework\Interception\Interceptor.php(142): Magento\Tax\Model\App\Action\ContextPlugin->aroundDispatch(Object(Magento\Customer\Controller\Account\CreatePost\Interceptor), Object(Closure), Object(Magento\Framework\App\Request\Http))
#38 D:\xampp\htdocs\incomm\var\generation\Magento\Customer\Controller\Account\CreatePost\Interceptor.php(26): Magento\Customer\Controller\Account\CreatePost\Interceptor->___callPlugins('dispatch', Array, Array)
#39 D:\xampp\htdocs\incomm\vendor\magento\framework\App\FrontController.php(55): Magento\Customer\Controller\Account\CreatePost\Interceptor->dispatch(Object(Magento\Framework\App\Request\Http))
#40 D:\xampp\htdocs\incomm\vendor\magento\framework\Interception\Interceptor.php(74): Magento\Framework\App\FrontController->dispatch(Object(Magento\Framework\App\Request\Http))
#41 D:\xampp\htdocs\incomm\vendor\magento\framework\Interception\Chain\Chain.php(70): Magento\Framework\App\FrontController\Interceptor->___callParent('dispatch', Array)
#42 D:\xampp\htdocs\incomm\vendor\magento\framework\Interception\Chain\Chain.php(63): Magento\Framework\Interception\Chain\Chain->invokeNext('Magento\\Framewo...', 'dispatch', Object(Magento\Framework\App\FrontController\Interceptor), Array, 'requestPreproce...')
#43 D:\xampp\htdocs\incomm\vendor\magento\module-store\App\FrontController\Plugin\RequestPreprocessor.php(94): Magento\Framework\Interception\Chain\Chain->Magento\Framework\Interception\Chain\{closure}(Object(Magento\Framework\App\Request\Http))
#44 D:\xampp\htdocs\incomm\vendor\magento\framework\Interception\Chain\Chain.php(67): Magento\Store\App\FrontController\Plugin\RequestPreprocessor->aroundDispatch(Object(Magento\Framework\App\FrontController\Interceptor), Object(Closure), Object(Magento\Framework\App\Request\Http))
#45 D:\xampp\htdocs\incomm\vendor\magento\framework\Interception\Chain\Chain.php(63): Magento\Framework\Interception\Chain\Chain->invokeNext('Magento\\Framewo...', 'dispatch', Object(Magento\Framework\App\FrontController\Interceptor), Array, 'install')
#46 D:\xampp\htdocs\incomm\vendor\magento\framework\Module\Plugin\DbStatusValidator.php(69): Magento\Framework\Interception\Chain\Chain->Magento\Framework\Interception\Chain\{closure}(Object(Magento\Framework\App\Request\Http))
#47 D:\xampp\htdocs\incomm\vendor\magento\framework\Interception\Chain\Chain.php(67): Magento\Framework\Module\Plugin\DbStatusValidator->aroundDispatch(Object(Magento\Framework\App\FrontController\Interceptor), Object(Closure), Object(Magento\Framework\App\Request\Http))
#48 D:\xampp\htdocs\incomm\vendor\magento\framework\Interception\Chain\Chain.php(63): Magento\Framework\Interception\Chain\Chain->invokeNext('Magento\\Framewo...', 'dispatch', Object(Magento\Framework\App\FrontController\Interceptor), Array, 'front-controlle...')
#49 D:\xampp\htdocs\incomm\vendor\magento\module-page-cache\Model\App\FrontController\VarnishPlugin.php(55): Magento\Framework\Interception\Chain\Chain->Magento\Framework\Interception\Chain\{closure}(Object(Magento\Framework\App\Request\Http))
#50 D:\xampp\htdocs\incomm\vendor\magento\framework\Interception\Chain\Chain.php(67): Magento\PageCache\Model\App\FrontController\VarnishPlugin->aroundDispatch(Object(Magento\Framework\App\FrontController\Interceptor), Object(Closure), Object(Magento\Framework\App\Request\Http))
#51 D:\xampp\htdocs\incomm\vendor\magento\framework\Interception\Interceptor.php(138): Magento\Framework\Interception\Chain\Chain->invokeNext('Magento\\Framewo...', 'dispatch', Object(Magento\Framework\App\FrontController\Interceptor), Array, 'front-controlle...')
#52 D:\xampp\htdocs\incomm\vendor\magento\module-page-cache\Model\App\FrontController\BuiltinPlugin.php(73): Magento\Framework\App\FrontController\Interceptor->Magento\Framework\Interception\{closure}(Object(Magento\Framework\App\Request\Http))
#53 D:\xampp\htdocs\incomm\vendor\magento\framework\Interception\Interceptor.php(142): Magento\PageCache\Model\App\FrontController\BuiltinPlugin->aroundDispatch(Object(Magento\Framework\App\FrontController\Interceptor), Object(Closure), Object(Magento\Framework\App\Request\Http))
#54 D:\xampp\htdocs\incomm\var\generation\Magento\Framework\App\FrontController\Interceptor.php(26): Magento\Framework\App\FrontController\Interceptor->___callPlugins('dispatch', Array, Array)
#55 D:\xampp\htdocs\incomm\vendor\magento\framework\App\Http.php(135): Magento\Framework\App\FrontController\Interceptor->dispatch(Object(Magento\Framework\App\Request\Http))
#56 D:\xampp\htdocs\incomm\vendor\magento\framework\App\Bootstrap.php(258): Magento\Framework\App\Http->launch()
#57 D:\xampp\htdocs\incomm\index.php(39): Magento\Framework\App\Bootstrap->run(Object(Magento\Framework\App\Http))
#58 {main}

Next Magento\Framework\Exception\MailException: Unable to send mail. mail(): Failed to connect to mailserver at &quot;localhost&quot; port 25, verify your &quot;SMTP&quot; and &quot;smtp_port&quot; setting in php.ini or use ini_set() in D:\xampp\htdocs\incomm\vendor\magento\framework\Mail\Transport.php:41
Stack trace:
#0 D:\xampp\htdocs\incomm\vendor\magento\framework\Interception\Interceptor.php(74): Magento\Framework\Mail\Transport->sendMessage()
#1 D:\xampp\htdocs\incomm\vendor\magento\framework\Interception\Chain\Chain.php(70): Magento\Framework\Mail\Transport\Interceptor->___callParent('sendMessage', Array)
#2 D:\xampp\htdocs\incomm\vendor\magento\framework\Interception\Chain\Chain.php(63): Magento\Framework\Interception\Chain\Chain->invokeNext('Magento\\Framewo...', 'sendMessage', Object(Magento\Framework\Mail\Transport\Interceptor), Array, 'disableSending')
#3 D:\xampp\htdocs\incomm\vendor\magento\module-email\Model\Plugin\TransportInterfacePlugin.php(54): Magento\Framework\Interception\Chain\Chain->Magento\Framework\Interception\Chain\{closure}()
#4 D:\xampp\htdocs\incomm\vendor\magento\framework\Interception\Chain\Chain.php(67): Magento\Email\Model\Plugin\TransportInterfacePlugin->aroundSendMessage(Object(Magento\Framework\Mail\Transport\Interceptor), Object(Closure))
#5 D:\xampp\htdocs\incomm\vendor\magento\framework\Interception\Interceptor.php(138): Magento\Framework\Interception\Chain\Chain->invokeNext('Magento\\Framewo...', 'sendMessage', Object(Magento\Framework\Mail\Transport\Interceptor), Array, 'customer-sample...')
#6 D:\xampp\htdocs\incomm\vendor\magento\module-customer-sample-data\Magento\Framework\Mail\Transport\MailPlugin.php(32): Magento\Framework\Mail\Transport\Interceptor->Magento\Framework\Interception\{closure}()
#7 D:\xampp\htdocs\incomm\vendor\magento\framework\Interception\Interceptor.php(142): Magento\CustomerSampleData\Magento\Framework\Mail\Transport\MailPlugin->aroundSendMessage(Object(Magento\Framework\Mail\Transport\Interceptor), Object(Closure))
#8 D:\xampp\htdocs\incomm\var\generation\Magento\Framework\Mail\Transport\Interceptor.php(26): Magento\Framework\Mail\Transport\Interceptor->___callPlugins('sendMessage', Array, Array)
#9 D:\xampp\htdocs\incomm\vendor\magento\module-customer\Model\EmailNotification.php(239): Magento\Framework\Mail\Transport\Interceptor->sendMessage()
#10 D:\xampp\htdocs\incomm\vendor\magento\module-customer\Model\EmailNotification.php(362): Magento\Customer\Model\EmailNotification->sendEmailTemplate(Object(Magento\Customer\Model\Data\Customer), 'customer/create...', 'customer/create...', Array, 1)
#11 D:\xampp\htdocs\incomm\vendor\magento\module-customer\Model\AccountManagement.php(777): Magento\Customer\Model\EmailNotification->newAccount(Object(Magento\Customer\Model\Data\Customer), 'registered', NULL, 1)
#12 D:\xampp\htdocs\incomm\vendor\magento\module-customer\Model\AccountManagement.php(737): Magento\Customer\Model\AccountManagement->sendEmailConfirmation(Object(Magento\Customer\Model\Data\Customer), NULL)
#13 D:\xampp\htdocs\incomm\vendor\magento\module-customer\Model\AccountManagement.php(662): Magento\Customer\Model\AccountManagement->createAccountWithPasswordHash(Object(Magento\Customer\Model\Data\Customer), '72dd2150c2e4d79...', NULL)
#14 D:\xampp\htdocs\incomm\vendor\magento\module-customer\Controller\Account\CreatePost.php(277): Magento\Customer\Model\AccountManagement->createAccount(Object(Magento\Customer\Model\Data\Customer), 'test123!@321', NULL)
#15 D:\xampp\htdocs\incomm\vendor\magento\framework\App\Action\Action.php(102): Magento\Customer\Controller\Account\CreatePost->execute()
#16 D:\xampp\htdocs\incomm\vendor\magento\framework\Interception\Interceptor.php(74): Magento\Framework\App\Action\Action->dispatch(Object(Magento\Framework\App\Request\Http))
#17 D:\xampp\htdocs\incomm\vendor\magento\framework\Interception\Chain\Chain.php(70): Magento\Customer\Controller\Account\CreatePost\Interceptor->___callParent('dispatch', Array)
#18 D:\xampp\htdocs\incomm\vendor\magento\framework\Interception\Chain\Chain.php(63): Magento\Framework\Interception\Chain\Chain->invokeNext('Magento\\Custome...', 'dispatch', Object(Magento\Customer\Controller\Account\CreatePost\Interceptor), Array, 'contextPlugin')
#19 D:\xampp\htdocs\incomm\vendor\magento\module-store\App\Action\Plugin\Context.php(106): Magento\Framework\Interception\Chain\Chain->Magento\Framework\Interception\Chain\{closure}(Object(Magento\Framework\App\Request\Http))
#20 D:\xampp\htdocs\incomm\vendor\magento\framework\Interception\Chain\Chain.php(67): Magento\Store\App\Action\Plugin\Context->aroundDispatch(Object(Magento\Customer\Controller\Account\CreatePost\Interceptor), Object(Closure), Object(Magento\Framework\App\Request\Http))
#21 D:\xampp\htdocs\incomm\vendor\magento\framework\Interception\Chain\Chain.php(63): Magento\Framework\Interception\Chain\Chain->invokeNext('Magento\\Custome...', 'dispatch', Object(Magento\Customer\Controller\Account\CreatePost\Interceptor), Array, 'customer-app-ac...')
#22 D:\xampp\htdocs\incomm\vendor\magento\module-customer\Model\App\Action\ContextPlugin.php(61): Magento\Framework\Interception\Chain\Chain->Magento\Framework\Interception\Chain\{closure}(Object(Magento\Framework\App\Request\Http))
#23 D:\xampp\htdocs\incomm\vendor\magento\framework\Interception\Chain\Chain.php(67): Magento\Customer\Model\App\Action\ContextPlugin->aroundDispatch(Object(Magento\Customer\Controller\Account\CreatePost\Interceptor), Object(Closure), Object(Magento\Framework\App\Request\Http))
#24 D:\xampp\htdocs\incomm\vendor\magento\framework\Interception\Chain\Chain.php(63): Magento\Framework\Interception\Chain\Chain->invokeNext('Magento\\Custome...', 'dispatch', Object(Magento\Customer\Controller\Account\CreatePost\Interceptor), Array, 'storeCheck')
#25 D:\xampp\htdocs\incomm\vendor\magento\module-store\App\Action\Plugin\StoreCheck.php(44): Magento\Framework\Interception\Chain\Chain->Magento\Framework\Interception\Chain\{closure}(Object(Magento\Framework\App\Request\Http))
#26 D:\xampp\htdocs\incomm\vendor\magento\framework\Interception\Chain\Chain.php(67): Magento\Store\App\Action\Plugin\StoreCheck->aroundDispatch(Object(Magento\Customer\Controller\Account\CreatePost\Interceptor), Object(Closure), Object(Magento\Framework\App\Request\Http))
#27 D:\xampp\htdocs\incomm\vendor\magento\framework\Interception\Chain\Chain.php(63): Magento\Framework\Interception\Chain\Chain->invokeNext('Magento\\Custome...', 'dispatch', Object(Magento\Customer\Controller\Account\CreatePost\Interceptor), Array, 'customer_accoun...')
#28 D:\xampp\htdocs\incomm\vendor\magento\module-customer\Controller\Plugin\Account.php(60): Magento\Framework\Interception\Chain\Chain->Magento\Framework\Interception\Chain\{closure}(Object(Magento\Framework\App\Request\Http))
#29 D:\xampp\htdocs\incomm\vendor\magento\framework\Interception\Chain\Chain.php(67): Magento\Customer\Controller\Plugin\Account->aroundDispatch(Object(Magento\Customer\Controller\Account\CreatePost\Interceptor), Object(Closure), Object(Magento\Framework\App\Request\Http))
#30 D:\xampp\htdocs\incomm\vendor\magento\framework\Interception\Chain\Chain.php(63): Magento\Framework\Interception\Chain\Chain->invokeNext('Magento\\Custome...', 'dispatch', Object(Magento\Customer\Controller\Account\CreatePost\Interceptor), Array, 'weee-app-action...')
#31 D:\xampp\htdocs\incomm\vendor\magento\module-weee\Model\App\Action\ContextPlugin.php(112): Magento\Framework\Interception\Chain\Chain->Magento\Framework\Interception\Chain\{closure}(Object(Magento\Framework\App\Request\Http))
#32 D:\xampp\htdocs\incomm\vendor\magento\framework\Interception\Chain\Chain.php(67): Magento\Weee\Model\App\Action\ContextPlugin->aroundDispatch(Object(Magento\Customer\Controller\Account\CreatePost\Interceptor), Object(Closure), Object(Magento\Framework\App\Request\Http))
#33 D:\xampp\htdocs\incomm\vendor\magento\framework\Interception\Interceptor.php(138): Magento\Framework\Interception\Chain\Chain->invokeNext('Magento\\Custome...', 'dispatch', Object(Magento\Customer\Controller\Account\CreatePost\Interceptor), Array, 'tax-app-action-...')
#34 D:\xampp\htdocs\incomm\vendor\magento\module-tax\Model\App\Action\ContextPlugin.php(91): Magento\Customer\Controller\Account\CreatePost\Interceptor->Magento\Framework\Interception\{closure}(Object(Magento\Framework\App\Request\Http))
#35 D:\xampp\htdocs\incomm\vendor\magento\framework\Interception\Interceptor.php(142): Magento\Tax\Model\App\Action\ContextPlugin->aroundDispatch(Object(Magento\Customer\Controller\Account\CreatePost\Interceptor), Object(Closure), Object(Magento\Framework\App\Request\Http))
#36 D:\xampp\htdocs\incomm\var\generation\Magento\Customer\Controller\Account\CreatePost\Interceptor.php(26): Magento\Customer\Controller\Account\CreatePost\Interceptor->___callPlugins('dispatch', Array, Array)
#37 D:\xampp\htdocs\incomm\vendor\magento\framework\App\FrontController.php(55): Magento\Customer\Controller\Account\CreatePost\Interceptor->dispatch(Object(Magento\Framework\App\Request\Http))
#38 D:\xampp\htdocs\incomm\vendor\magento\framework\Interception\Interceptor.php(74): Magento\Framework\App\FrontController->dispatch(Object(Magento\Framework\App\Request\Http))
#39 D:\xampp\htdocs\incomm\vendor\magento\framework\Interception\Chain\Chain.php(70): Magento\Framework\App\FrontController\Interceptor->___callParent('dispatch', Array)
#40 D:\xampp\htdocs\incomm\vendor\magento\framework\Interception\Chain\Chain.php(63): Magento\Framework\Interception\Chain\Chain->invokeNext('Magento\\Framewo...', 'dispatch', Object(Magento\Framework\App\FrontController\Interceptor), Array, 'requestPreproce...')
#41 D:\xampp\htdocs\incomm\vendor\magento\module-store\App\FrontController\Plugin\RequestPreprocessor.php(94): Magento\Framework\Interception\Chain\Chain->Magento\Framework\Interception\Chain\{closure}(Object(Magento\Framework\App\Request\Http))
#42 D:\xampp\htdocs\incomm\vendor\magento\framework\Interception\Chain\Chain.php(67): Magento\Store\App\FrontController\Plugin\RequestPreprocessor->aroundDispatch(Object(Magento\Framework\App\FrontController\Interceptor), Object(Closure), Object(Magento\Framework\App\Request\Http))
#43 D:\xampp\htdocs\incomm\vendor\magento\framework\Interception\Chain\Chain.php(63): Magento\Framework\Interception\Chain\Chain->invokeNext('Magento\\Framewo...', 'dispatch', Object(Magento\Framework\App\FrontController\Interceptor), Array, 'install')
#44 D:\xampp\htdocs\incomm\vendor\magento\framework\Module\Plugin\DbStatusValidator.php(69): Magento\Framework\Interception\Chain\Chain->Magento\Framework\Interception\Chain\{closure}(Object(Magento\Framework\App\Request\Http))
#45 D:\xampp\htdocs\incomm\vendor\magento\framework\Interception\Chain\Chain.php(67): Magento\Framework\Module\Plugin\DbStatusValidator->aroundDispatch(Object(Magento\Framework\App\FrontController\Interceptor), Object(Closure), Object(Magento\Framework\App\Request\Http))
#46 D:\xampp\htdocs\incomm\vendor\magento\framework\Interception\Chain\Chain.php(63): Magento\Framework\Interception\Chain\Chain->invokeNext('Magento\\Framewo...', 'dispatch', Object(Magento\Framework\App\FrontController\Interceptor), Array, 'front-controlle...')
#47 D:\xampp\htdocs\incomm\vendor\magento\module-page-cache\Model\App\FrontController\VarnishPlugin.php(55): Magento\Framework\Interception\Chain\Chain->Magento\Framework\Interception\Chain\{closure}(Object(Magento\Framework\App\Request\Http))
#48 D:\xampp\htdocs\incomm\vendor\magento\framework\Interception\Chain\Chain.php(67): Magento\PageCache\Model\App\FrontController\VarnishPlugin->aroundDispatch(Object(Magento\Framework\App\FrontController\Interceptor), Object(Closure), Object(Magento\Framework\App\Request\Http))
#49 D:\xampp\htdocs\incomm\vendor\magento\framework\Interception\Interceptor.php(138): Magento\Framework\Interception\Chain\Chain->invokeNext('Magento\\Framewo...', 'dispatch', Object(Magento\Framework\App\FrontController\Interceptor), Array, 'front-controlle...')
#50 D:\xampp\htdocs\incomm\vendor\magento\module-page-cache\Model\App\FrontController\BuiltinPlugin.php(73): Magento\Framework\App\FrontController\Interceptor->Magento\Framework\Interception\{closure}(Object(Magento\Framework\App\Request\Http))
#51 D:\xampp\htdocs\incomm\vendor\magento\framework\Interception\Interceptor.php(142): Magento\PageCache\Model\App\FrontController\BuiltinPlugin->aroundDispatch(Object(Magento\Framework\App\FrontController\Interceptor), Object(Closure), Object(Magento\Framework\App\Request\Http))
#52 D:\xampp\htdocs\incomm\var\generation\Magento\Framework\App\FrontController\Interceptor.php(26): Magento\Framework\App\FrontController\Interceptor->___callPlugins('dispatch', Array, Array)
#53 D:\xampp\htdocs\incomm\vendor\magento\framework\App\Http.php(135): Magento\Framework\App\FrontController\Interceptor->dispatch(Object(Magento\Framework\App\Request\Http))
#54 D:\xampp\htdocs\incomm\vendor\magento\framework\App\Bootstrap.php(258): Magento\Framework\App\Http->launch()
#55 D:\xampp\htdocs\incomm\index.php(39): Magento\Framework\App\Bootstrap->run(Object(Magento\Framework\App\Http))
#56 {main} [] []
[2017-10-03 08:36:16] main.CRITICAL: RuntimeException: The specified "D:/xampp/htdocs/incomm/var/generation/Magento/MediaStorage/Model/File/Storage/Response/Interceptor.php.7696" file could not be written Warning!file_put_contents(D:/xampp/htdocs/incomm/var/generation/Magento/MediaStorage/Model/File/Storage/Response/Interceptor.php.7696): failed to open stream: Permission denied in D:\xampp\htdocs\incomm\vendor\magento\framework\Code\Generator.php:115
Stack trace:
#0 D:\xampp\htdocs\incomm\vendor\magento\framework\Code\Generator\Autoloader.php(35): Magento\Framework\Code\Generator->generateClass('Magento\\MediaSt...')
#1 [internal function]: Magento\Framework\Code\Generator\Autoloader->load('Magento\\MediaSt...')
#2 [internal function]: spl_autoload_call('Magento\\MediaSt...')
#3 D:\xampp\htdocs\incomm\vendor\magento\framework\Code\Reader\ClassReader.php(19): ReflectionClass->__construct('Magento\\MediaSt...')
#4 D:\xampp\htdocs\incomm\vendor\magento\framework\ObjectManager\Definition\Runtime.php(44): Magento\Framework\Code\Reader\ClassReader->getConstructor('Magento\\MediaSt...')
#5 D:\xampp\htdocs\incomm\vendor\magento\framework\ObjectManager\Factory\Dynamic\Developer.php(71): Magento\Framework\ObjectManager\Definition\Runtime->getParameters('Magento\\MediaSt...')
#6 D:\xampp\htdocs\incomm\vendor\magento\framework\ObjectManager\ObjectManager.php(57): Magento\Framework\ObjectManager\Factory\Dynamic\Developer->create('Magento\\MediaSt...', Array)
#7 D:\xampp\htdocs\incomm\vendor\magento\framework\ObjectManager\Factory\AbstractFactory.php(128): Magento\Framework\ObjectManager\ObjectManager->create('Magento\\MediaSt...')
#8 D:\xampp\htdocs\incomm\vendor\magento\framework\ObjectManager\Factory\Dynamic\Developer.php(53): Magento\Framework\ObjectManager\Factory\AbstractFactory->resolveArgument(Array, 'Magento\\Framewo...', NULL, 'response', 'Magento\\Framewo...')
#9 D:\xampp\htdocs\incomm\vendor\magento\framework\ObjectManager\Factory\Dynamic\Developer.php(82): Magento\Framework\ObjectManager\Factory\Dynamic\Developer->_resolveArguments('Magento\\Framewo...', Array, Array)
#10 D:\xampp\htdocs\incomm\vendor\magento\framework\ObjectManager\ObjectManager.php(57): Magento\Framework\ObjectManager\Factory\Dynamic\Developer->create('Magento\\Framewo...', Array)
#11 D:\xampp\htdocs\incomm\vendor\magento\framework\App\Bootstrap.php(233): Magento\Framework\ObjectManager\ObjectManager->create('Magento\\Framewo...', Array)
#12 D:\xampp\htdocs\incomm\pub\static.php(12): Magento\Framework\App\Bootstrap->createApplication('Magento\\Framewo...')
#13 {main} [] []
